[2024-02-19 10:49:31] GET /
[2024-02-19 10:49:31] GET /login_user/
[2024-02-19 10:49:32] GET /favicon.ico
[2024-02-19 10:49:32] GET /login_user/
[2024-02-19 10:49:34] GET /user/register
[2024-02-19 10:49:34] GET /favicon.ico
[2024-02-19 10:49:34] GET /login_user/
[2024-02-19 10:49:58] POST /user/register
[2024-02-19 10:50:03] GET /
[2024-02-19 10:50:03] GET /login_user/
[2024-02-19 10:50:03] GET /favicon.ico
[2024-02-19 10:50:03] GET /login_user/
[2024-02-19 10:50:13] POST /login_user/
[2024-02-19 10:50:14] GET /
[2024-02-19 10:50:14] GET /favicon.ico
[2024-02-19 10:50:18] GET /profile/1
[2024-02-19 10:50:18] GET /profile/1
[2024-02-19 10:50:54] POST /profile-pic/
[2024-02-19 10:50:54] GET /profile/1
[2024-02-19 10:50:54] GET /media/images/cartoon-doctor-5022797_640.webp
[2024-02-19 10:51:02] GET /1
[2024-02-19 10:51:04] GET /
[2024-02-19 10:51:06] GET /logout/
[2024-02-19 10:51:17] GET /logout/
[2024-02-19 10:51:58] GET /
[2024-02-19 10:52:00] GET /logout/
[2024-02-19 10:52:14] GET /
[2024-02-19 10:52:16] GET /logout/
[2024-02-19 10:54:25] GET /
[2024-02-19 10:54:27] GET /logout/
[2024-02-19 10:54:40] GET /
[2024-02-19 10:54:42] GET /logout/
[2024-02-19 10:55:15] GET /
[2024-02-19 10:55:16] GET /logout/
[2024-02-19 10:58:20] GET /logout/
[2024-02-19 11:03:19] GET /
[2024-02-19 11:03:21] POST /logout/
[2024-02-19 11:03:21] GET /
[2024-02-19 11:03:21] GET /login_user/
[2024-02-19 11:03:25] POST /login_user/
[2024-02-19 11:03:26] GET /
[2024-02-19 11:03:35] GET /
[2024-02-19 11:03:36] GET /1
[2024-02-19 11:03:38] POST /logout/
[2024-02-19 11:03:38] GET /
[2024-02-19 11:03:38] GET /login_user/
[2024-02-19 11:03:41] GET /doctor/register
[2024-02-19 11:04:33] POST /doctor/register
[2024-02-19 11:04:37] GET /
[2024-02-19 11:04:37] GET /login_user/
[2024-02-19 11:04:46] POST /login_user/
[2024-02-19 11:04:49] POST /login_user/
[2024-02-19 11:04:50] GET /
[2024-02-19 11:05:35] GET /
[2024-02-19 11:05:37] GET /
[2024-02-19 11:05:39] POST /logout/
[2024-02-19 11:05:39] GET /
[2024-02-19 11:05:39] GET /login_user/
[2024-02-19 11:05:42] GET /admin/
[2024-02-19 11:05:42] GET /admin/login/
[2024-02-19 11:05:55] POST /admin/login/
[2024-02-19 11:05:55] GET /admin/
[2024-02-19 11:05:59] GET /admin/appointment/doctor/
[2024-02-19 11:05:59] GET /admin/jsi18n/
[2024-02-19 11:06:02] GET /admin/appointment/doctor/2/change/
[2024-02-19 11:06:02] GET /admin/jsi18n/
[2024-02-19 11:06:11] POST /admin/appointment/doctor/2/change/
[2024-02-19 11:06:15] GET /admin/appointment/doctor/
[2024-02-19 11:06:15] GET /admin/jsi18n/
[2024-02-19 11:06:17] POST /admin/logout/
[2024-02-19 11:06:17] GET /
[2024-02-19 11:06:17] GET /login_user/
[2024-02-19 11:06:22] POST /login_user/
[2024-02-19 11:06:23] GET /
[2024-02-19 11:06:33] GET /2/create-appoint/
[2024-02-19 11:06:53] POST /2/create-appoint/
[2024-02-19 11:06:53] GET /
[2024-02-19 11:06:55] GET /1
[2024-02-19 11:06:58] GET /
[2024-02-19 11:06:59] GET /2/write-review
[2024-02-19 11:07:05] POST /2/write-review
[2024-02-19 11:07:05] GET /
[2024-02-19 11:07:07] GET /2/doctor-details
[2024-02-19 11:07:10] GET /
[2024-02-19 11:07:12] POST /logout/
[2024-02-19 11:07:12] GET /
[2024-02-19 11:07:12] GET /login_user/
[2024-02-19 11:07:17] GET /login_doctor/
[2024-02-19 11:07:28] POST /login_doctor/
[2024-02-19 11:07:29] GET /dashboard/2
[2024-02-19 11:07:33] GET /1/approve-appointment
[2024-02-19 11:07:33] GET /dashboard/2
[2024-02-19 11:07:35] GET /1/complete-appointment
[2024-02-19 11:07:35] GET /dashboard/2
[2024-02-19 11:07:36] GET /1/cancel-appointment
[2024-02-19 11:07:36] GET /dashboard/2
[2024-02-19 11:07:38] GET /profile/2
[2024-02-19 11:07:38] GET /profile/2
[2024-02-19 11:07:43] POST /logout/
[2024-02-19 11:07:43] GET /
[2024-02-19 11:07:43] GET /login_user/
